<?xml version="1.0" encoding="UTF-8"?>
<!-- Generated by org.testng.reporters.JUnitReportReporter -->
<testsuite skipped="0" hostname="Shahin-PC" name="myrunners.TestRunner" tests="1" failures="0" timestamp="17 Nov 2019 06:53:34 GMT" time="35.204" errors="0">
  <testcase name="feature" time="35.204" classname="myrunners.TestRunner"/>
</testsuite> <!-- myrunners.TestRunner -->
